<?xml version="1.0" encoding="UTF-8"?>
<coverage generated="1604085951053" clover="3.2.0">
  <project timestamp="1604085951053" name="All files">
    <metrics statements="32" coveredstatements="32" conditionals="10" coveredconditionals="10" methods="9" coveredmethods="8" elements="51" coveredelements="50" complexity="0" loc="32" ncloc="32" packages="4" files="4" classes="4"/>
    <package name="components.Card">
      <metrics statements="5" coveredstatements="5" conditionals="3" coveredconditionals="3" methods="3" coveredmethods="2"/>
      <file name="index.tsx" path="/Users/kylehill/Personal/starter/components/Card/index.tsx">
        <metrics statements="5" coveredstatements="5" conditionals="3" coveredconditionals="3" methods="3" coveredmethods="2"/>
        <line num="13" count="2" type="cond" truecount="1" falsecount="0"/>
        <line num="14" count="5" type="stmt"/>
        <line num="15" count="2" type="cond" truecount="2" falsecount="0"/>
        <line num="16" count="1" type="stmt"/>
        <line num="20" count="5" type="stmt"/>
      </file>
    </package>
    <package name="containers.LandingPage">
      <metrics statements="2" coveredstatements="2" conditionals="0" coveredconditionals="0" methods="1" coveredmethods="1"/>
      <file name="index.tsx" path="/Users/kylehill/Personal/starter/containers/LandingPage/index.tsx">
        <metrics statements="2" coveredstatements="2" conditionals="0" coveredconditionals="0" methods="1" coveredmethods="1"/>
        <line num="5" count="1" type="stmt"/>
        <line num="6" count="1" type="stmt"/>
      </file>
    </package>
    <package name="contexts.Round">
      <metrics statements="18" coveredstatements="18" conditionals="7" coveredconditionals="7" methods="4" coveredmethods="4"/>
      <file name="reducer.ts" path="/Users/kylehill/Personal/starter/contexts/Round/reducer.ts">
        <metrics statements="18" coveredstatements="18" conditionals="7" coveredconditionals="7" methods="4" coveredmethods="4"/>
        <line num="30" count="1" type="stmt"/>
        <line num="31" count="7" type="cond" truecount="3" falsecount="0"/>
        <line num="33" count="3" type="stmt"/>
        <line num="34" count="3" type="cond" truecount="2" falsecount="0"/>
        <line num="35" count="1" type="stmt"/>
        <line num="38" count="2" type="stmt"/>
        <line num="42" count="6" type="stmt"/>
        <line num="44" count="2" type="stmt"/>
        <line num="46" count="2" type="stmt"/>
        <line num="52" count="4" type="stmt"/>
        <line num="57" count="2" type="cond" truecount="2" falsecount="0"/>
        <line num="58" count="1" type="stmt"/>
        <line num="61" count="1" type="stmt"/>
        <line num="65" count="3" type="stmt"/>
        <line num="67" count="1" type="stmt"/>
        <line num="76" count="2" type="stmt"/>
        <line num="78" count="2" type="stmt"/>
        <line num="90" count="1" type="stmt"/>
      </file>
    </package>
    <package name="util">
      <metrics statements="7" coveredstatements="7" conditionals="0" coveredconditionals="0" methods="1" coveredmethods="1"/>
      <file name="shuffle.ts" path="/Users/kylehill/Personal/starter/util/shuffle.ts">
        <metrics statements="7" coveredstatements="7" conditionals="0" coveredconditionals="0" methods="1" coveredmethods="1"/>
        <line num="2" count="4" type="stmt"/>
        <line num="3" count="4" type="stmt"/>
        <line num="5" count="4" type="stmt"/>
        <line num="6" count="18" type="stmt"/>
        <line num="7" count="18" type="stmt"/>
        <line num="8" count="18" type="stmt"/>
        <line num="11" count="4" type="stmt"/>
      </file>
    </package>
  </project>
</coverage>
