{"/Users/kylehill/Personal/starter/components/Card/index.tsx": {"path":"/Users/kylehill/Personal/starter/components/Card/index.tsx","statementMap":{"0":{"start":{"line":13,"column":13},"end":{"line":27,"column":1}},"1":{"start":{"line":14,"column":23},"end":{"line":18,"column":3}},"2":{"start":{"line":15,"column":4},"end":{"line":17,"column":5}},"3":{"start":{"line":16,"column":6},"end":{"line":16,"column":16}},"4":{"start":{"line":20,"column":2},"end":{"line":26,"column":4}}},"fnMap":{"0":{"name":"(anonymous_0)","decl":{"start":{"line":13,"column":13},"end":{"line":13,"column":14}},"loc":{"start":{"line":13,"column":69},"end":{"line":27,"column":1}},"line":13},"1":{"name":"(anonymous_1)","decl":{"start":{"line":13,"column":32},"end":{"line":13,"column":33}},"loc":{"start":{"line":13,"column":38},"end":{"line":13,"column":40}},"line":13},"2":{"name":"(anonymous_2)","decl":{"start":{"line":14,"column":23},"end":{"line":14,"column":24}},"loc":{"start":{"line":14,"column":29},"end":{"line":18,"column":3}},"line":14}},"branchMap":{"0":{"loc":{"start":{"line":13,"column":22},"end":{"line":13,"column":40}},"type":"default-arg","locations":[{"start":{"line":13,"column":32},"end":{"line":13,"column":40}}],"line":13},"1":{"loc":{"start":{"line":15,"column":4},"end":{"line":17,"column":5}},"type":"if","locations":[{"start":{"line":15,"column":4},"end":{"line":17,"column":5}},{"start":{"line":15,"column":4},"end":{"line":17,"column":5}}],"line":15}},"s":{"0":2,"1":5,"2":2,"3":1,"4":5},"f":{"0":5,"1":0,"2":2},"b":{"0":[3],"1":[1,1]},"_coverageSchema":"1a1c01bbd47fc00a2c39e90264f33305004495a9","hash":"beed00d5bc3b3d3a3f0012c7840f56af7430f888"}
,"/Users/kylehill/Personal/starter/containers/LandingPage/index.tsx": {"path":"/Users/kylehill/Personal/starter/containers/LandingPage/index.tsx","statementMap":{"0":{"start":{"line":5,"column":20},"end":{"line":13,"column":1}},"1":{"start":{"line":6,"column":2},"end":{"line":12,"column":4}}},"fnMap":{"0":{"name":"(anonymous_0)","decl":{"start":{"line":5,"column":20},"end":{"line":5,"column":21}},"loc":{"start":{"line":5,"column":26},"end":{"line":13,"column":1}},"line":5}},"branchMap":{},"s":{"0":1,"1":1},"f":{"0":1},"b":{},"_coverageSchema":"1a1c01bbd47fc00a2c39e90264f33305004495a9","hash":"641feeaaf4ca7a38e1b16d79ff9aaaa6b00b1a89"}
,"/Users/kylehill/Personal/starter/contexts/Round/reducer.ts": {"path":"/Users/kylehill/Personal/starter/contexts/Round/reducer.ts","statementMap":{"0":{"start":{"line":30,"column":23},"end":{"line":88,"column":1}},"1":{"start":{"line":31,"column":2},"end":{"line":87,"column":3}},"2":{"start":{"line":33,"column":19},"end":{"line":33,"column":43}},"3":{"start":{"line":34,"column":6},"end":{"line":36,"column":7}},"4":{"start":{"line":35,"column":8},"end":{"line":35,"column":21}},"5":{"start":{"line":38,"column":19},"end":{"line":42,"column":24}},"6":{"start":{"line":42,"column":22},"end":{"line":42,"column":23}},"7":{"start":{"line":44,"column":21},"end":{"line":44,"column":46}},"8":{"start":{"line":46,"column":6},"end":{"line":53,"column":8}},"9":{"start":{"line":52,"column":39},"end":{"line":52,"column":58}},"10":{"start":{"line":57,"column":6},"end":{"line":59,"column":7}},"11":{"start":{"line":58,"column":8},"end":{"line":58,"column":21}},"12":{"start":{"line":61,"column":19},"end":{"line":65,"column":24}},"13":{"start":{"line":65,"column":22},"end":{"line":65,"column":23}},"14":{"start":{"line":67,"column":6},"end":{"line":72,"column":8}},"15":{"start":{"line":76,"column":23},"end":{"line":76,"column":43}},"16":{"start":{"line":78,"column":6},"end":{"line":85,"column":8}},"17":{"start":{"line":90,"column":40},"end":{"line":97,"column":1}}},"fnMap":{"0":{"name":"(anonymous_0)","decl":{"start":{"line":30,"column":23},"end":{"line":30,"column":24}},"loc":{"start":{"line":30,"column":79},"end":{"line":88,"column":1}},"line":30},"1":{"name":"(anonymous_1)","decl":{"start":{"line":42,"column":15},"end":{"line":42,"column":16}},"loc":{"start":{"line":42,"column":22},"end":{"line":42,"column":23}},"line":42},"2":{"name":"(anonymous_2)","decl":{"start":{"line":52,"column":29},"end":{"line":52,"column":30}},"loc":{"start":{"line":52,"column":39},"end":{"line":52,"column":58}},"line":52},"3":{"name":"(anonymous_3)","decl":{"start":{"line":65,"column":15},"end":{"line":65,"column":16}},"loc":{"start":{"line":65,"column":22},"end":{"line":65,"column":23}},"line":65}},"branchMap":{"0":{"loc":{"start":{"line":31,"column":2},"end":{"line":87,"column":3}},"type":"switch","locations":[{"start":{"line":32,"column":4},"end":{"line":54,"column":5}},{"start":{"line":56,"column":4},"end":{"line":73,"column":5}},{"start":{"line":75,"column":4},"end":{"line":86,"column":5}}],"line":31},"1":{"loc":{"start":{"line":34,"column":6},"end":{"line":36,"column":7}},"type":"if","locations":[{"start":{"line":34,"column":6},"end":{"line":36,"column":7}},{"start":{"line":34,"column":6},"end":{"line":36,"column":7}}],"line":34},"2":{"loc":{"start":{"line":57,"column":6},"end":{"line":59,"column":7}},"type":"if","locations":[{"start":{"line":57,"column":6},"end":{"line":59,"column":7}},{"start":{"line":57,"column":6},"end":{"line":59,"column":7}}],"line":57}},"s":{"0":1,"1":7,"2":3,"3":3,"4":1,"5":2,"6":6,"7":2,"8":2,"9":4,"10":2,"11":1,"12":1,"13":3,"14":1,"15":2,"16":2,"17":1},"f":{"0":7,"1":6,"2":4,"3":3},"b":{"0":[3,2,2],"1":[1,2],"2":[1,1]},"_coverageSchema":"1a1c01bbd47fc00a2c39e90264f33305004495a9","hash":"1ff23975770ca6f1c041fbf16e66b7f2e1bef19f"}
,"/Users/kylehill/Personal/starter/util/shuffle.ts": {"path":"/Users/kylehill/Personal/starter/util/shuffle.ts","statementMap":{"0":{"start":{"line":2,"column":17},"end":{"line":2,"column":31}},"1":{"start":{"line":3,"column":14},"end":{"line":3,"column":24}},"2":{"start":{"line":5,"column":2},"end":{"line":9,"column":3}},"3":{"start":{"line":6,"column":16},"end":{"line":6,"column":56}},"4":{"start":{"line":7,"column":4},"end":{"line":7,"column":28}},"5":{"start":{"line":8,"column":4},"end":{"line":8,"column":62}},"6":{"start":{"line":11,"column":2},"end":{"line":11,"column":16}}},"fnMap":{"0":{"name":"(anonymous_0)","decl":{"start":{"line":1,"column":15},"end":{"line":1,"column":16}},"loc":{"start":{"line":1,"column":49},"end":{"line":12,"column":1}},"line":1}},"branchMap":{},"s":{"0":4,"1":4,"2":4,"3":18,"4":18,"5":18,"6":4},"f":{"0":4},"b":{},"_coverageSchema":"1a1c01bbd47fc00a2c39e90264f33305004495a9","hash":"2a4b7636e948365dd01182c3904d8dcf8894288d"}
}
