TN:
SF:components/Card/index.tsx
FN:13,(anonymous_0)
FN:13,(anonymous_1)
FN:14,(anonymous_2)
FNF:3
FNH:2
FNDA:5,(anonymous_0)
FNDA:0,(anonymous_1)
FNDA:2,(anonymous_2)
DA:13,2
DA:14,5
DA:15,2
DA:16,1
DA:20,5
LF:5
LH:5
BRDA:13,0,0,3
BRDA:15,1,0,1
BRDA:15,1,1,1
BRF:3
BRH:3
end_of_record
TN:
SF:containers/LandingPage/index.tsx
FN:5,(anonymous_0)
FNF:1
FNH:1
FNDA:1,(anonymous_0)
DA:5,1
DA:6,1
LF:2
LH:2
BRF:0
BRH:0
end_of_record
TN:
SF:contexts/Round/reducer.ts
FN:30,(anonymous_0)
FN:42,(anonymous_1)
FN:52,(anonymous_2)
FN:65,(anonymous_3)
FNF:4
FNH:4
FNDA:7,(anonymous_0)
FNDA:6,(anonymous_1)
FNDA:4,(anonymous_2)
FNDA:3,(anonymous_3)
DA:30,1
DA:31,7
DA:33,3
DA:34,3
DA:35,1
DA:38,2
DA:42,6
DA:44,2
DA:46,2
DA:52,4
DA:57,2
DA:58,1
DA:61,1
DA:65,3
DA:67,1
DA:76,2
DA:78,2
DA:90,1
LF:18
LH:18
BRDA:31,0,0,3
BRDA:31,0,1,2
BRDA:31,0,2,2
BRDA:34,1,0,1
BRDA:34,1,1,2
BRDA:57,2,0,1
BRDA:57,2,1,1
BRF:7
BRH:7
end_of_record
TN:
SF:util/shuffle.ts
FN:1,(anonymous_0)
FNF:1
FNH:1
FNDA:4,(anonymous_0)
DA:2,4
DA:3,4
DA:5,4
DA:6,18
DA:7,18
DA:8,18
DA:11,4
LF:7
LH:7
BRF:0
BRH:0
end_of_record
